2015/03/02 21:56:51 [error] [exception.CDbException] exception 'CDbException' with message 'CDbConnection failed to open the DB connection: SQLSTATE[HY000] [2002] No connection could be made because the target machine actively refused it.
' in D:\xampp\htdocs\framework\yii\framework\db\CDbConnection.php:399
Stack trace:
#0 D:\xampp\htdocs\framework\yii\framework\db\CDbConnection.php(347): CDbConnection->open()
#1 D:\xampp\htdocs\framework\yii\framework\db\CDbConnection.php(325): CDbConnection->setActive(true)
#2 D:\xampp\htdocs\framework\yii\framework\base\CModule.php(394): CDbConnection->init()
#3 D:\xampp\htdocs\framework\yii\framework\base\CApplication.php(458): CModule->getComponent('db')
#4 D:\xampp\htdocs\framework\yii\framework\db\ar\CActiveRecord.php(637): CApplication->getDb()
#5 D:\xampp\htdocs\framework\yii\framework\db\ar\CActiveRecord.php(2384): CActiveRecord->getDbConnection()
#6 D:\xampp\htdocs\framework\yii\framework\db\ar\CActiveRecord.php(411): CActiveRecordMetaData->__construct(Object(Visitor))
#7 D:\xampp\htdocs\framework\yii\framework\db\ar\CActiveRecord.php(79): CActiveRecord->getMetaData()
#8 D:\xampp\htdocs\optimocms\protected\components\Controller.php(69): CActiveRecord->__construct()
#9 D:\xampp\htdocs\optimocms\protected\components\Controller.php(51): Controller->statistics()
#10 D:\xampp\htdocs\framework\yii\framework\web\CWebApplication.php(281): Controller->init()
#11 D:\xampp\htdocs\framework\yii\framework\web\CWebApplication.php(141): CWebApplication->runController('')
#12 D:\xampp\htdocs\framework\yii\framework\base\CApplication.php(184): CWebApplication->processRequest()
#13 D:\xampp\htdocs\optimocms\protected\components\WebApplicationEndBehavior.php(24): CApplication->run()
#14 [internal function]: WebApplicationEndBehavior->runEnd('front')
#15 D:\xampp\htdocs\framework\yii\framework\base\CComponent.php(261): call_user_func_array(Array, Array)
#16 D:\xampp\htdocs\optimocms\index.php(14): CComponent->__call('runEnd', Array)
#17 D:\xampp\htdocs\optimocms\index.php(14): CWebApplication->runEnd('front')
#18 {main}
REQUEST_URI=/optimocms/
---
2015/03/02 21:57:02 [error] [exception.CException] exception 'CException' with message 'Alias "bootstrap.widgets.TbHeroUnit" is invalid. Make sure it points to an existing directory or file.' in D:\xampp\htdocs\framework\yii\framework\YiiBase.php:348
Stack trace:
#0 D:\xampp\htdocs\framework\yii\framework\web\CWidgetFactory.php(146): YiiBase::import('bootstrap.widge...', true)
#1 D:\xampp\htdocs\framework\yii\framework\web\CBaseController.php(146): CWidgetFactory->createWidget(Object(SiteController), 'bootstrap.widge...', Array)
#2 D:\xampp\htdocs\framework\yii\framework\web\CBaseController.php(197): CBaseController->createWidget('bootstrap.widge...', Array)
#3 D:\xampp\htdocs\optimocms\themes\default\views\site\index.php(5): CBaseController->beginWidget('bootstrap.widge...', Array)
#4 D:\xampp\htdocs\framework\yii\framework\web\CBaseController.php(126): require('D:\xampp\htdocs...')
#5 D:\xampp\htdocs\framework\yii\framework\web\CBaseController.php(95): CBaseController->renderInternal('D:\xampp\htdocs...', NULL, true)
#6 D:\xampp\htdocs\framework\yii\framework\web\CController.php(869): CBaseController->renderFile('D:\xampp\htdocs...', NULL, true)
#7 D:\xampp\htdocs\framework\yii\framework\web\CController.php(782): CController->renderPartial('index', NULL, true)
#8 D:\xampp\htdocs\optimocms\protected\controllers\front\SiteController.php(60): CController->render('index')
#9 D:\xampp\htdocs\framework\yii\framework\web\actions\CInlineAction.php(49): SiteController->actionIndex()
#10 D:\xampp\htdocs\framework\yii\framework\web\CController.php(308): CInlineAction->runWithParams(Array)
#11 D:\xampp\htdocs\framework\yii\framework\web\filters\CFilterChain.php(133): CController->runAction(Object(CInlineAction))
#12 D:\xampp\htdocs\framework\yii\framework\web\filters\CFilter.php(40): CFilterChain->run()
#13 D:\xampp\htdocs\framework\yii\framework\web\CController.php(1145): CFilter->filter(Object(CFilterChain))
#14 D:\xampp\htdocs\framework\yii\framework\web\filters\CInlineFilter.php(58): CController->filterAccessControl(Object(CFilterChain))
#15 D:\xampp\htdocs\framework\yii\framework\web\filters\CFilterChain.php(130): CInlineFilter->filter(Object(CFilterChain))
#16 D:\xampp\htdocs\framework\yii\framework\web\CController.php(291): CFilterChain->run()
#17 D:\xampp\htdocs\framework\yii\framework\web\CController.php(265): CController->runActionWithFilters(Object(CInlineAction), Array)
#18 D:\xampp\htdocs\framework\yii\framework\web\CWebApplication.php(282): CController->run('')
#19 D:\xampp\htdocs\framework\yii\framework\web\CWebApplication.php(141): CWebApplication->runController('')
#20 D:\xampp\htdocs\framework\yii\framework\base\CApplication.php(184): CWebApplication->processRequest()
#21 D:\xampp\htdocs\optimocms\protected\components\WebApplicationEndBehavior.php(24): CApplication->run()
#22 [internal function]: WebApplicationEndBehavior->runEnd('front')
#23 D:\xampp\htdocs\framework\yii\framework\base\CComponent.php(261): call_user_func_array(Array, Array)
#24 D:\xampp\htdocs\optimocms\index.php(14): CComponent->__call('runEnd', Array)
#25 D:\xampp\htdocs\optimocms\index.php(14): CWebApplication->runEnd('front')
#26 {main}
REQUEST_URI=/optimocms/
---
2015/03/02 22:00:29 [error] [php] include(TagCloud.php): failed to open stream: No such file or directory (D:\xampp\htdocs\framework\yii\framework\YiiBase.php:432)
Stack trace:
#0 unknown(0): spl_autoload_call()
#1 D:\xampp\htdocs\framework\yii\framework\YiiBase.php(303): class_exists()
#2 D:\xampp\htdocs\framework\yii\framework\web\CWidgetFactory.php(146): import()
#3 D:\xampp\htdocs\framework\yii\framework\web\CBaseController.php(146): CWidgetFactory->createWidget()
#4 D:\xampp\htdocs\framework\yii\framework\web\CBaseController.php(180): SiteController->createWidget()
#5 D:\xampp\htdocs\optimocms\themes\default\views\layouts\column2.php(14): SiteController->widget()
#6 D:\xampp\htdocs\framework\yii\framework\web\CBaseController.php(126): require()
#7 D:\xampp\htdocs\framework\yii\framework\web\CBaseController.php(95): SiteController->renderInternal()
#8 D:\xampp\htdocs\framework\yii\framework\web\CController.php(784): SiteController->renderFile()
#9 D:\xampp\htdocs\optimocms\protected\controllers\front\SiteController.php(96): SiteController->render()
#10 D:\xampp\htdocs\framework\yii\framework\web\actions\CInlineAction.php(49): SiteController->actionContact()
#11 D:\xampp\htdocs\framework\yii\framework\web\CController.php(308): CInlineAction->runWithParams()
#12 D:\xampp\htdocs\framework\yii\framework\web\filters\CFilterChain.php(133): SiteController->runAction()
#13 D:\xampp\htdocs\framework\yii\framework\web\filters\CFilter.php(40): CFilterChain->run()
#14 D:\xampp\htdocs\framework\yii\framework\web\CController.php(1145): CAccessControlFilter->filter()
#15 D:\xampp\htdocs\framework\yii\framework\web\filters\CInlineFilter.php(58): SiteController->filterAccessControl()
#16 D:\xampp\htdocs\framework\yii\framework\web\filters\CFilterChain.php(130): CInlineFilter->filter()
#17 D:\xampp\htdocs\framework\yii\framework\web\CController.php(291): CFilterChain->run()
#18 D:\xampp\htdocs\framework\yii\framework\web\CController.php(265): SiteController->runActionWithFilters()
#19 D:\xampp\htdocs\framework\yii\framework\web\CWebApplication.php(282): SiteController->run()
#20 D:\xampp\htdocs\framework\yii\framework\web\CWebApplication.php(141): CWebApplication->runController()
#21 D:\xampp\htdocs\framework\yii\framework\base\CApplication.php(184): CWebApplication->processRequest()
#22 D:\xampp\htdocs\optimocms\protected\components\WebApplicationEndBehavior.php(24): CWebApplication->run()
#23 unknown(0): WebApplicationEndBehavior->runEnd()
#24 D:\xampp\htdocs\framework\yii\framework\base\CComponent.php(261): call_user_func_array()
#25 D:\xampp\htdocs\optimocms\index.php(14): CWebApplication->__call()
#26 D:\xampp\htdocs\optimocms\index.php(14): CWebApplication->runEnd()
REQUEST_URI=/optimocms/index.php?r=site/contact
in D:\xampp\htdocs\optimocms\themes\default\views\layouts\column2.php (14)
in D:\xampp\htdocs\optimocms\protected\controllers\front\SiteController.php (96)
in D:\xampp\htdocs\optimocms\protected\components\WebApplicationEndBehavior.php (24)
